2019-07-12 15:43:56.314  INFO pmitn012142 --- [           main] c.d.Application                          : Starting Application on pmitn012142 with PID 4504 (/home/ezequielcoronel/DESPEGAR/workshop/workshop-angular/backend/target/classes started by ezequielcoronel in /home/ezequielcoronel/DESPEGAR/workshop/workshop-angular)
2019-07-12 15:43:56.322 DEBUG pmitn012142 --- [           main] c.d.Application                          : Running with Spring Boot v1.5.2.RELEASE, Spring v4.3.7.RELEASE
2019-07-12 15:43:56.322  INFO pmitn012142 --- [           main] c.d.Application                          : No active profile set, falling back to default profiles: default
2019-07-12 15:43:56.490  INFO pmitn012142 --- [           main] ationConfigEmbeddedWebApplicationContext : Refreshing org.springframework.boot.context.embedded.AnnotationConfigEmbeddedWebApplicationContext@18920cc: startup date [Fri Jul 12 15:43:56 ART 2019]; root of context hierarchy
2019-07-12 15:43:56.888  INFO pmitn012142 --- [kground-preinit] o.h.v.i.u.Version                        : HV000001: Hibernate Validator 5.3.4.Final
2019-07-12 15:43:57.997  INFO pmitn012142 --- [           main] s.b.c.e.t.TomcatEmbeddedServletContainer : Tomcat initialized with port(s): 8090 (http)
2019-07-12 15:43:58.020  INFO pmitn012142 --- [           main] o.a.c.c.StandardService                  : Starting service Tomcat
2019-07-12 15:43:58.022  INFO pmitn012142 --- [           main] o.a.c.c.StandardEngine                   : Starting Servlet Engine: Apache Tomcat/8.5.11
2019-07-12 15:43:58.139  INFO pmitn012142 --- [ost-startStop-1] o.a.c.c.C.[.[.[/]                        : Initializing Spring embedded WebApplicationContext
2019-07-12 15:43:58.139  INFO pmitn012142 --- [ost-startStop-1] o.s.w.c.ContextLoader                    : Root WebApplicationContext: initialization completed in 1652 ms
2019-07-12 15:43:58.332  INFO pmitn012142 --- [ost-startStop-1] o.s.b.w.s.ServletRegistrationBean        : Mapping servlet: 'dispatcherServlet' to [/]
2019-07-12 15:43:58.337  INFO pmitn012142 --- [ost-startStop-1] o.s.b.w.s.FilterRegistrationBean         : Mapping filter: 'characterEncodingFilter' to: [/*]
2019-07-12 15:43:58.337  INFO pmitn012142 --- [ost-startStop-1] o.s.b.w.s.FilterRegistrationBean         : Mapping filter: 'hiddenHttpMethodFilter' to: [/*]
2019-07-12 15:43:58.338  INFO pmitn012142 --- [ost-startStop-1] o.s.b.w.s.FilterRegistrationBean         : Mapping filter: 'httpPutFormContentFilter' to: [/*]
2019-07-12 15:43:58.338  INFO pmitn012142 --- [ost-startStop-1] o.s.b.w.s.FilterRegistrationBean         : Mapping filter: 'requestContextFilter' to: [/*]
2019-07-12 15:43:58.700  INFO pmitn012142 --- [           main] s.w.s.m.m.a.RequestMappingHandlerAdapter : Looking for @ControllerAdvice: org.springframework.boot.context.embedded.AnnotationConfigEmbeddedWebApplicationContext@18920cc: startup date [Fri Jul 12 15:43:56 ART 2019]; root of context hierarchy
2019-07-12 15:43:58.792  INFO pmitn012142 --- [           main] s.w.s.m.m.a.RequestMappingHandlerMapping : Mapped "{[/v1/tasks/],methods=[PUT]}" onto public void com.despegar.controller.TaskController.updateTask(com.despegar.model.Task)
2019-07-12 15:43:58.795  INFO pmitn012142 --- [           main] s.w.s.m.m.a.RequestMappingHandlerMapping : Mapped "{[/v1/tasks],methods=[GET]}" onto public java.util.List<com.despegar.model.Task> com.despegar.controller.TaskController.getTasks()
2019-07-12 15:43:58.796  INFO pmitn012142 --- [           main] s.w.s.m.m.a.RequestMappingHandlerMapping : Mapped "{[/v1/tasks/getByName/{name}],methods=[GET]}" onto public java.util.List<com.despegar.model.Task> com.despegar.controller.TaskController.getTasksByName(java.lang.String)
2019-07-12 15:43:58.797  INFO pmitn012142 --- [           main] s.w.s.m.m.a.RequestMappingHandlerMapping : Mapped "{[/v1/tasks/run/{id}],methods=[POST]}" onto public void com.despegar.controller.TaskController.runTask(java.lang.Integer)
2019-07-12 15:43:58.797  INFO pmitn012142 --- [           main] s.w.s.m.m.a.RequestMappingHandlerMapping : Mapped "{[/v1/tasks/run/],methods=[POST]}" onto public void com.despegar.controller.TaskController.runTask()
2019-07-12 15:43:58.798  INFO pmitn012142 --- [           main] s.w.s.m.m.a.RequestMappingHandlerMapping : Mapped "{[/v1/tasks/],methods=[POST]}" onto public void com.despegar.controller.TaskController.saveTask(com.despegar.model.Task)
2019-07-12 15:43:58.799  INFO pmitn012142 --- [           main] s.w.s.m.m.a.RequestMappingHandlerMapping : Mapped "{[/v1/tasks/{id}],methods=[DELETE]}" onto public void com.despegar.controller.TaskController.deleteTask(java.lang.Integer)
2019-07-12 15:43:58.799  INFO pmitn012142 --- [           main] s.w.s.m.m.a.RequestMappingHandlerMapping : Mapped "{[/v1/tasks/{id}],methods=[GET]}" onto public com.despegar.model.Task com.despegar.controller.TaskController.getById(java.lang.Integer)
2019-07-12 15:43:58.819  INFO pmitn012142 --- [           main] s.w.s.m.m.a.RequestMappingHandlerMapping : Mapped "{[/error],produces=[text/html]}" onto public org.springframework.web.servlet.ModelAndView org.springframework.boot.autoconfigure.web.BasicErrorController.errorHtml(javax.servlet.http.HttpServletRequest,javax.servlet.http.HttpServletResponse)
2019-07-12 15:43:58.819  INFO pmitn012142 --- [           main] s.w.s.m.m.a.RequestMappingHandlerMapping : Mapped "{[/error]}" onto public org.springframework.http.ResponseEntity<java.util.Map<java.lang.String, java.lang.Object>> org.springframework.boot.autoconfigure.web.BasicErrorController.error(javax.servlet.http.HttpServletRequest)
2019-07-12 15:43:58.839  INFO pmitn012142 --- [           main] o.s.w.s.h.SimpleUrlHandlerMapping        : Mapped URL path [/404] onto handler of type [class org.springframework.web.servlet.mvc.ParameterizableViewController]
2019-07-12 15:43:58.854  INFO pmitn012142 --- [           main] o.s.w.s.h.SimpleUrlHandlerMapping        : Mapped URL path [/webjars/**] onto handler of type [class org.springframework.web.servlet.resource.ResourceHttpRequestHandler]
2019-07-12 15:43:58.854  INFO pmitn012142 --- [           main] o.s.w.s.h.SimpleUrlHandlerMapping        : Mapped URL path [/**] onto handler of type [class org.springframework.web.servlet.resource.ResourceHttpRequestHandler]
2019-07-12 15:43:58.904  INFO pmitn012142 --- [           main] o.s.w.s.h.SimpleUrlHandlerMapping        : Mapped URL path [/**/favicon.ico] onto handler of type [class org.springframework.web.servlet.resource.ResourceHttpRequestHandler]
2019-07-12 15:43:59.182  INFO pmitn012142 --- [           main] o.s.j.e.a.AnnotationMBeanExporter        : Registering beans for JMX exposure on startup
2019-07-12 15:43:59.197  INFO pmitn012142 --- [           main] o.a.c.h.Http11NioProtocol                : Initializing ProtocolHandler ["http-nio-8090"]
2019-07-12 15:43:59.208  INFO pmitn012142 --- [           main] o.a.c.h.Http11NioProtocol                : Starting ProtocolHandler [http-nio-8090]
2019-07-12 15:43:59.218  INFO pmitn012142 --- [           main] o.a.t.u.n.NioSelectorPool                : Using a shared selector for servlet write/read
2019-07-12 15:43:59.238  INFO pmitn012142 --- [           main] s.b.c.e.t.TomcatEmbeddedServletContainer : Tomcat started on port(s): 8090 (http)
2019-07-12 15:43:59.243  INFO pmitn012142 --- [           main] c.d.Application                          : Started Application in 3.357 seconds (JVM running for 6.843)
2019-07-12 15:53:11.729  INFO pmitn012142 --- [nio-8090-exec-1] o.a.c.c.C.[.[.[/]                        : Initializing Spring FrameworkServlet 'dispatcherServlet'
2019-07-12 15:53:11.729  INFO pmitn012142 --- [nio-8090-exec-1] o.s.w.s.DispatcherServlet                : FrameworkServlet 'dispatcherServlet': initialization started
2019-07-12 15:53:11.765  INFO pmitn012142 --- [nio-8090-exec-1] o.s.w.s.DispatcherServlet                : FrameworkServlet 'dispatcherServlet': initialization completed in 35 ms
2019-07-12 16:03:47.911  INFO pmitn012142 --- [       Thread-3] ationConfigEmbeddedWebApplicationContext : Closing org.springframework.boot.context.embedded.AnnotationConfigEmbeddedWebApplicationContext@18920cc: startup date [Fri Jul 12 15:43:56 ART 2019]; root of context hierarchy
2019-07-12 16:03:47.912  INFO pmitn012142 --- [       Thread-3] o.s.j.e.a.AnnotationMBeanExporter        : Unregistering JMX-exposed beans on shutdown
2019-07-12 16:08:23.225  INFO pmitn012142 --- [           main] c.d.Application                          : Starting Application on pmitn012142 with PID 7213 (/home/ezequielcoronel/DESPEGAR/workshop/workshop-angular/backend/target/classes started by ezequielcoronel in /home/ezequielcoronel/DESPEGAR/workshop/workshop-angular)
2019-07-12 16:08:23.232 DEBUG pmitn012142 --- [           main] c.d.Application                          : Running with Spring Boot v1.5.2.RELEASE, Spring v4.3.7.RELEASE
2019-07-12 16:08:23.233  INFO pmitn012142 --- [           main] c.d.Application                          : No active profile set, falling back to default profiles: default
2019-07-12 16:08:23.313  INFO pmitn012142 --- [           main] ationConfigEmbeddedWebApplicationContext : Refreshing org.springframework.boot.context.embedded.AnnotationConfigEmbeddedWebApplicationContext@18920cc: startup date [Fri Jul 12 16:08:23 ART 2019]; root of context hierarchy
2019-07-12 16:08:23.695  INFO pmitn012142 --- [kground-preinit] o.h.v.i.u.Version                        : HV000001: Hibernate Validator 5.3.4.Final
2019-07-12 16:08:25.330  INFO pmitn012142 --- [           main] s.b.c.e.t.TomcatEmbeddedServletContainer : Tomcat initialized with port(s): 8090 (http)
2019-07-12 16:08:25.349  INFO pmitn012142 --- [           main] o.a.c.c.StandardService                  : Starting service Tomcat
2019-07-12 16:08:25.351  INFO pmitn012142 --- [           main] o.a.c.c.StandardEngine                   : Starting Servlet Engine: Apache Tomcat/8.5.11
2019-07-12 16:08:25.460  INFO pmitn012142 --- [ost-startStop-1] o.a.c.c.C.[.[.[/]                        : Initializing Spring embedded WebApplicationContext
2019-07-12 16:08:25.460  INFO pmitn012142 --- [ost-startStop-1] o.s.w.c.ContextLoader                    : Root WebApplicationContext: initialization completed in 2151 ms
2019-07-12 16:08:25.624  INFO pmitn012142 --- [ost-startStop-1] o.s.b.w.s.ServletRegistrationBean        : Mapping servlet: 'dispatcherServlet' to [/]
2019-07-12 16:08:25.635  INFO pmitn012142 --- [ost-startStop-1] o.s.b.w.s.FilterRegistrationBean         : Mapping filter: 'characterEncodingFilter' to: [/*]
2019-07-12 16:08:25.636  INFO pmitn012142 --- [ost-startStop-1] o.s.b.w.s.FilterRegistrationBean         : Mapping filter: 'hiddenHttpMethodFilter' to: [/*]
2019-07-12 16:08:25.636  INFO pmitn012142 --- [ost-startStop-1] o.s.b.w.s.FilterRegistrationBean         : Mapping filter: 'httpPutFormContentFilter' to: [/*]
2019-07-12 16:08:25.637  INFO pmitn012142 --- [ost-startStop-1] o.s.b.w.s.FilterRegistrationBean         : Mapping filter: 'requestContextFilter' to: [/*]
2019-07-12 16:08:25.936  INFO pmitn012142 --- [           main] s.w.s.m.m.a.RequestMappingHandlerAdapter : Looking for @ControllerAdvice: org.springframework.boot.context.embedded.AnnotationConfigEmbeddedWebApplicationContext@18920cc: startup date [Fri Jul 12 16:08:23 ART 2019]; root of context hierarchy
2019-07-12 16:08:26.025  INFO pmitn012142 --- [           main] s.w.s.m.m.a.RequestMappingHandlerMapping : Mapped "{[/v1/tasks],methods=[GET]}" onto public java.util.List<com.despegar.model.Task> com.despegar.controller.TaskController.getTasks()
2019-07-12 16:08:26.028  INFO pmitn012142 --- [           main] s.w.s.m.m.a.RequestMappingHandlerMapping : Mapped "{[/v1/tasks/getByName/{name}],methods=[GET]}" onto public java.util.List<com.despegar.model.Task> com.despegar.controller.TaskController.getTasksByName(java.lang.String)
2019-07-12 16:08:26.028  INFO pmitn012142 --- [           main] s.w.s.m.m.a.RequestMappingHandlerMapping : Mapped "{[/v1/tasks/{id}],methods=[GET]}" onto public com.despegar.model.Task com.despegar.controller.TaskController.getById(java.lang.Integer)
2019-07-12 16:08:26.029  INFO pmitn012142 --- [           main] s.w.s.m.m.a.RequestMappingHandlerMapping : Mapped "{[/v1/tasks/],methods=[POST]}" onto public void com.despegar.controller.TaskController.saveTask(com.despegar.model.Task)
2019-07-12 16:08:26.029  INFO pmitn012142 --- [           main] s.w.s.m.m.a.RequestMappingHandlerMapping : Mapped "{[/v1/tasks/],methods=[PUT]}" onto public void com.despegar.controller.TaskController.updateTask(com.despegar.model.Task)
2019-07-12 16:08:26.030  INFO pmitn012142 --- [           main] s.w.s.m.m.a.RequestMappingHandlerMapping : Mapped "{[/v1/tasks/run/],methods=[POST]}" onto public void com.despegar.controller.TaskController.runTask()
2019-07-12 16:08:26.030  INFO pmitn012142 --- [           main] s.w.s.m.m.a.RequestMappingHandlerMapping : Mapped "{[/v1/tasks/run/{id}],methods=[POST]}" onto public void com.despegar.controller.TaskController.runTask(java.lang.Integer)
2019-07-12 16:08:26.031  INFO pmitn012142 --- [           main] s.w.s.m.m.a.RequestMappingHandlerMapping : Mapped "{[/v1/tasks/{id}],methods=[DELETE]}" onto public void com.despegar.controller.TaskController.deleteTask(java.lang.Integer)
2019-07-12 16:08:26.034  INFO pmitn012142 --- [           main] s.w.s.m.m.a.RequestMappingHandlerMapping : Mapped "{[/error],produces=[text/html]}" onto public org.springframework.web.servlet.ModelAndView org.springframework.boot.autoconfigure.web.BasicErrorController.errorHtml(javax.servlet.http.HttpServletRequest,javax.servlet.http.HttpServletResponse)
2019-07-12 16:08:26.034  INFO pmitn012142 --- [           main] s.w.s.m.m.a.RequestMappingHandlerMapping : Mapped "{[/error]}" onto public org.springframework.http.ResponseEntity<java.util.Map<java.lang.String, java.lang.Object>> org.springframework.boot.autoconfigure.web.BasicErrorController.error(javax.servlet.http.HttpServletRequest)
2019-07-12 16:08:26.052  INFO pmitn012142 --- [           main] o.s.w.s.h.SimpleUrlHandlerMapping        : Mapped URL path [/404] onto handler of type [class org.springframework.web.servlet.mvc.ParameterizableViewController]
2019-07-12 16:08:26.066  INFO pmitn012142 --- [           main] o.s.w.s.h.SimpleUrlHandlerMapping        : Mapped URL path [/webjars/**] onto handler of type [class org.springframework.web.servlet.resource.ResourceHttpRequestHandler]
2019-07-12 16:08:26.067  INFO pmitn012142 --- [           main] o.s.w.s.h.SimpleUrlHandlerMapping        : Mapped URL path [/**] onto handler of type [class org.springframework.web.servlet.resource.ResourceHttpRequestHandler]
2019-07-12 16:08:26.113  INFO pmitn012142 --- [           main] o.s.w.s.h.SimpleUrlHandlerMapping        : Mapped URL path [/**/favicon.ico] onto handler of type [class org.springframework.web.servlet.resource.ResourceHttpRequestHandler]
2019-07-12 16:08:26.329  INFO pmitn012142 --- [           main] o.s.j.e.a.AnnotationMBeanExporter        : Registering beans for JMX exposure on startup
2019-07-12 16:08:26.342  INFO pmitn012142 --- [           main] o.a.c.h.Http11NioProtocol                : Initializing ProtocolHandler ["http-nio-8090"]
2019-07-12 16:08:26.351  INFO pmitn012142 --- [           main] o.a.c.h.Http11NioProtocol                : Starting ProtocolHandler [http-nio-8090]
2019-07-12 16:08:26.358  INFO pmitn012142 --- [           main] o.a.t.u.n.NioSelectorPool                : Using a shared selector for servlet write/read
2019-07-12 16:08:26.383  INFO pmitn012142 --- [           main] s.b.c.e.t.TomcatEmbeddedServletContainer : Tomcat started on port(s): 8090 (http)
2019-07-12 16:08:26.388  INFO pmitn012142 --- [           main] c.d.Application                          : Started Application in 3.797 seconds (JVM running for 4.985)
2019-07-12 16:08:27.133  INFO pmitn012142 --- [nio-8090-exec-1] o.a.c.c.C.[.[.[/]                        : Initializing Spring FrameworkServlet 'dispatcherServlet'
2019-07-12 16:08:27.133  INFO pmitn012142 --- [nio-8090-exec-1] o.s.w.s.DispatcherServlet                : FrameworkServlet 'dispatcherServlet': initialization started
2019-07-12 16:08:27.149  INFO pmitn012142 --- [nio-8090-exec-1] o.s.w.s.DispatcherServlet                : FrameworkServlet 'dispatcherServlet': initialization completed in 16 ms
2019-07-12 16:12:27.098  INFO pmitn012142 --- [           main] c.d.Application                          : Starting Application on pmitn012142 with PID 7582 (/home/ezequielcoronel/DESPEGAR/workshop/workshop-angular/backend/target/classes started by ezequielcoronel in /home/ezequielcoronel/DESPEGAR/workshop/workshop-angular)
2019-07-12 16:12:27.109 DEBUG pmitn012142 --- [           main] c.d.Application                          : Running with Spring Boot v1.5.2.RELEASE, Spring v4.3.7.RELEASE
2019-07-12 16:12:27.110  INFO pmitn012142 --- [           main] c.d.Application                          : No active profile set, falling back to default profiles: default
2019-07-12 16:12:27.258  INFO pmitn012142 --- [           main] ationConfigEmbeddedWebApplicationContext : Refreshing org.springframework.boot.context.embedded.AnnotationConfigEmbeddedWebApplicationContext@18920cc: startup date [Fri Jul 12 16:12:27 ART 2019]; root of context hierarchy
2019-07-12 16:12:27.781  INFO pmitn012142 --- [kground-preinit] o.h.v.i.u.Version                        : HV000001: Hibernate Validator 5.3.4.Final
2019-07-12 16:12:29.417  INFO pmitn012142 --- [           main] s.b.c.e.t.TomcatEmbeddedServletContainer : Tomcat initialized with port(s): 8090 (http)
2019-07-12 16:12:29.435  INFO pmitn012142 --- [           main] o.a.c.c.StandardService                  : Starting service Tomcat
2019-07-12 16:12:29.442  INFO pmitn012142 --- [           main] o.a.c.c.StandardEngine                   : Starting Servlet Engine: Apache Tomcat/8.5.11
2019-07-12 16:12:29.592  INFO pmitn012142 --- [ost-startStop-1] o.a.c.c.C.[.[.[/]                        : Initializing Spring embedded WebApplicationContext
2019-07-12 16:12:29.593  INFO pmitn012142 --- [ost-startStop-1] o.s.w.c.ContextLoader                    : Root WebApplicationContext: initialization completed in 2342 ms
2019-07-12 16:12:29.829  INFO pmitn012142 --- [ost-startStop-1] o.s.b.w.s.ServletRegistrationBean        : Mapping servlet: 'dispatcherServlet' to [/]
2019-07-12 16:12:29.833  INFO pmitn012142 --- [ost-startStop-1] o.s.b.w.s.FilterRegistrationBean         : Mapping filter: 'characterEncodingFilter' to: [/*]
2019-07-12 16:12:29.834  INFO pmitn012142 --- [ost-startStop-1] o.s.b.w.s.FilterRegistrationBean         : Mapping filter: 'hiddenHttpMethodFilter' to: [/*]
2019-07-12 16:12:29.834  INFO pmitn012142 --- [ost-startStop-1] o.s.b.w.s.FilterRegistrationBean         : Mapping filter: 'httpPutFormContentFilter' to: [/*]
2019-07-12 16:12:29.835  INFO pmitn012142 --- [ost-startStop-1] o.s.b.w.s.FilterRegistrationBean         : Mapping filter: 'requestContextFilter' to: [/*]
2019-07-12 16:12:30.245  INFO pmitn012142 --- [           main] s.w.s.m.m.a.RequestMappingHandlerAdapter : Looking for @ControllerAdvice: org.springframework.boot.context.embedded.AnnotationConfigEmbeddedWebApplicationContext@18920cc: startup date [Fri Jul 12 16:12:27 ART 2019]; root of context hierarchy
2019-07-12 16:12:30.367  INFO pmitn012142 --- [           main] s.w.s.m.m.a.RequestMappingHandlerMapping : Mapped "{[/v1/tasks],methods=[GET]}" onto public java.util.List<com.despegar.model.Task> com.despegar.controller.TaskController.getTasks()
2019-07-12 16:12:30.370  INFO pmitn012142 --- [           main] s.w.s.m.m.a.RequestMappingHandlerMapping : Mapped "{[/v1/tasks/{id}],methods=[GET]}" onto public com.despegar.model.Task com.despegar.controller.TaskController.getById(java.lang.Integer)
2019-07-12 16:12:30.370  INFO pmitn012142 --- [           main] s.w.s.m.m.a.RequestMappingHandlerMapping : Mapped "{[/v1/tasks/],methods=[POST]}" onto public void com.despegar.controller.TaskController.saveTask(com.despegar.model.Task)
2019-07-12 16:12:30.370  INFO pmitn012142 --- [           main] s.w.s.m.m.a.RequestMappingHandlerMapping : Mapped "{[/v1/tasks/],methods=[PUT]}" onto public void com.despegar.controller.TaskController.updateTask(com.despegar.model.Task)
2019-07-12 16:12:30.371  INFO pmitn012142 --- [           main] s.w.s.m.m.a.RequestMappingHandlerMapping : Mapped "{[/v1/tasks/run/{id}],methods=[POST]}" onto public void com.despegar.controller.TaskController.runTask(java.lang.Integer)
2019-07-12 16:12:30.371  INFO pmitn012142 --- [           main] s.w.s.m.m.a.RequestMappingHandlerMapping : Mapped "{[/v1/tasks/run/],methods=[POST]}" onto public void com.despegar.controller.TaskController.runTask()
2019-07-12 16:12:30.372  INFO pmitn012142 --- [           main] s.w.s.m.m.a.RequestMappingHandlerMapping : Mapped "{[/v1/tasks/{id}],methods=[DELETE]}" onto public void com.despegar.controller.TaskController.deleteTask(java.lang.Integer)
2019-07-12 16:12:30.373  INFO pmitn012142 --- [           main] s.w.s.m.m.a.RequestMappingHandlerMapping : Mapped "{[/v1/tasks/getByName/{name}],methods=[GET]}" onto public java.util.List<com.despegar.model.Task> com.despegar.controller.TaskController.getTasksByName(java.lang.String)
2019-07-12 16:12:30.376  INFO pmitn012142 --- [           main] s.w.s.m.m.a.RequestMappingHandlerMapping : Mapped "{[/error],produces=[text/html]}" onto public org.springframework.web.servlet.ModelAndView org.springframework.boot.autoconfigure.web.BasicErrorController.errorHtml(javax.servlet.http.HttpServletRequest,javax.servlet.http.HttpServletResponse)
2019-07-12 16:12:30.376  INFO pmitn012142 --- [           main] s.w.s.m.m.a.RequestMappingHandlerMapping : Mapped "{[/error]}" onto public org.springframework.http.ResponseEntity<java.util.Map<java.lang.String, java.lang.Object>> org.springframework.boot.autoconfigure.web.BasicErrorController.error(javax.servlet.http.HttpServletRequest)
2019-07-12 16:12:30.399  INFO pmitn012142 --- [           main] o.s.w.s.h.SimpleUrlHandlerMapping        : Mapped URL path [/404] onto handler of type [class org.springframework.web.servlet.mvc.ParameterizableViewController]
2019-07-12 16:12:30.420  INFO pmitn012142 --- [           main] o.s.w.s.h.SimpleUrlHandlerMapping        : Mapped URL path [/webjars/**] onto handler of type [class org.springframework.web.servlet.resource.ResourceHttpRequestHandler]
2019-07-12 16:12:30.420  INFO pmitn012142 --- [           main] o.s.w.s.h.SimpleUrlHandlerMapping        : Mapped URL path [/**] onto handler of type [class org.springframework.web.servlet.resource.ResourceHttpRequestHandler]
2019-07-12 16:12:30.487  INFO pmitn012142 --- [           main] o.s.w.s.h.SimpleUrlHandlerMapping        : Mapped URL path [/**/favicon.ico] onto handler of type [class org.springframework.web.servlet.resource.ResourceHttpRequestHandler]
2019-07-12 16:12:30.742  INFO pmitn012142 --- [           main] o.s.j.e.a.AnnotationMBeanExporter        : Registering beans for JMX exposure on startup
2019-07-12 16:12:30.759  INFO pmitn012142 --- [           main] o.a.c.h.Http11NioProtocol                : Initializing ProtocolHandler ["http-nio-8090"]
2019-07-12 16:12:30.773  INFO pmitn012142 --- [           main] o.a.c.h.Http11NioProtocol                : Starting ProtocolHandler [http-nio-8090]
2019-07-12 16:12:30.781  INFO pmitn012142 --- [           main] o.a.t.u.n.NioSelectorPool                : Using a shared selector for servlet write/read
2019-07-12 16:12:30.808  INFO pmitn012142 --- [           main] s.b.c.e.t.TomcatEmbeddedServletContainer : Tomcat started on port(s): 8090 (http)
2019-07-12 16:12:30.812  INFO pmitn012142 --- [           main] c.d.Application                          : Started Application in 4.477 seconds (JVM running for 5.945)
2019-07-12 16:12:31.471  INFO pmitn012142 --- [nio-8090-exec-1] o.a.c.c.C.[.[.[/]                        : Initializing Spring FrameworkServlet 'dispatcherServlet'
2019-07-12 16:12:31.471  INFO pmitn012142 --- [nio-8090-exec-1] o.s.w.s.DispatcherServlet                : FrameworkServlet 'dispatcherServlet': initialization started
2019-07-12 16:12:31.492  INFO pmitn012142 --- [nio-8090-exec-1] o.s.w.s.DispatcherServlet                : FrameworkServlet 'dispatcherServlet': initialization completed in 21 ms
2019-07-12 16:13:37.722 DEBUG pmitn012142 --- [nio-8090-exec-3] c.d.s.TaskService                        : Get Task by ID: 1
2019-07-12 16:13:40.272 DEBUG pmitn012142 --- [nio-8090-exec-9] c.d.s.TaskService                        : Get Task by ID: 1
2019-07-12 16:13:43.463 DEBUG pmitn012142 --- [io-8090-exec-10] c.d.s.TaskService                        : Get Task by ID: 0
2019-07-12 16:13:58.313 DEBUG pmitn012142 --- [nio-8090-exec-8] c.d.s.TaskService                        : Get Task by name: task
2019-07-12 16:32:06.400 DEBUG pmitn012142 --- [nio-8090-exec-8] c.d.s.TaskService                        : Get Task by ID: 1
2019-07-12 16:32:10.206 DEBUG pmitn012142 --- [nio-8090-exec-3] c.d.s.TaskService                        : Get Task by name: tast
2019-07-12 16:32:11.760 DEBUG pmitn012142 --- [io-8090-exec-10] c.d.s.TaskService                        : Get Task by name: tast
2019-07-12 16:52:09.795 DEBUG pmitn012142 --- [nio-8090-exec-6] c.d.s.TaskService                        : Get Task by name: task
2019-07-12 16:52:13.203 DEBUG pmitn012142 --- [nio-8090-exec-3] c.d.s.TaskService                        : Get Task by name: task
2019-07-12 17:17:07.083 DEBUG pmitn012142 --- [nio-8090-exec-7] c.d.s.TaskService                        : Get Task by ID: 1
2019-07-12 17:17:09.496 DEBUG pmitn012142 --- [nio-8090-exec-1] c.d.s.TaskService                        : Get Task by ID: 3
2019-07-12 17:17:11.924 DEBUG pmitn012142 --- [nio-8090-exec-8] c.d.s.TaskService                        : Get Task by ID: 2
2019-07-12 17:17:13.258 DEBUG pmitn012142 --- [nio-8090-exec-7] c.d.s.TaskService                        : Get Task by ID: 2
2019-07-12 17:17:13.258 DEBUG pmitn012142 --- [nio-8090-exec-7] c.d.s.TaskService                        : Update Task ID: 2
2019-07-12 17:17:13.261 DEBUG pmitn012142 --- [pool-2-thread-1] c.d.s.TaskService                        : Running thread for task: 2
2019-07-12 17:17:13.265 DEBUG pmitn012142 --- [pool-2-thread-1] c.d.s.TaskService                        : Update Task ID: 2
2019-07-12 17:18:13.266 DEBUG pmitn012142 --- [pool-2-thread-1] c.d.s.TaskService                        : Update Task ID: 2
2019-07-12 17:18:13.267 DEBUG pmitn012142 --- [pool-2-thread-1] c.d.s.TaskService                        : Ending thread for task: 2
